0 info it worked if it ends with ok
1 verbose cli [ '/Users/xuejiting/.nvm/versions/node/v4.8.0/bin/node',
1 verbose cli   '/Users/xuejiting/.nvm/versions/node/v4.8.0/bin/npm',
1 verbose cli   'info' ]
2 info using npm@2.15.11
3 info using node@v4.8.0
4 verbose stack Error: Invalid package.json
4 verbose stack     at /Users/xuejiting/.nvm/versions/node/v4.8.0/lib/node_modules/npm/lib/view.js:77:30
4 verbose stack     at /Users/xuejiting/.nvm/versions/node/v4.8.0/lib/node_modules/npm/node_modules/read-package-json/read-json.js:356:5
4 verbose stack     at checkBinReferences_ (/Users/xuejiting/.nvm/versions/node/v4.8.0/lib/node_modules/npm/node_modules/read-package-json/read-json.js:320:45)
4 verbose stack     at final (/Users/xuejiting/.nvm/versions/node/v4.8.0/lib/node_modules/npm/node_modules/read-package-json/read-json.js:354:3)
4 verbose stack     at then (/Users/xuejiting/.nvm/versions/node/v4.8.0/lib/node_modules/npm/node_modules/read-package-json/read-json.js:124:5)
4 verbose stack     at /Users/xuejiting/.nvm/versions/node/v4.8.0/lib/node_modules/npm/node_modules/read-package-json/read-json.js:311:12
4 verbose stack     at /Users/xuejiting/.nvm/versions/node/v4.8.0/lib/node_modules/npm/node_modules/graceful-fs/graceful-fs.js:78:16
4 verbose stack     at FSReqWrap.readFileAfterClose [as oncomplete] (fs.js:380:3)
5 verbose cwd /Users/xuejiting/mynode/WeChat/middlewares
6 error Darwin 16.5.0
7 error argv "/Users/xuejiting/.nvm/versions/node/v4.8.0/bin/node" "/Users/xuejiting/.nvm/versions/node/v4.8.0/bin/npm" "info"
8 error node v4.8.0
9 error npm  v2.15.11
10 error Invalid package.json
11 error If you need help, you may report this error at:
11 error     <https://github.com/npm/npm/issues>
12 verbose exit [ 1, true ]
